<?xml version="1.0" encoding="UTF-8"?>
<!-- Generated by org.testng.reporters.JUnitXMLReporter -->
<testsuite hostname="LAPTOP-DR1UCT03" ignored="3" name="Free CRM App Test Cases for Firefox(failed)" tests="6" failures="1" timestamp="31 Dec 2018 00:20:45 GMT" time="19.551" errors="0">
  <testcase name="loginPageContactLnkTest" time="0.134" classname="com.freecrm.qa.testCases.LoginPageTest"/>
  <testcase name="loginPageCustomersLnkTest" time="0.086" classname="com.freecrm.qa.testCases.LoginPageTest"/>
  <testcase name="loginPagePricingLnkTest" time="0.069" classname="com.freecrm.qa.testCases.LoginPageTest"/>
  <testcase name="loginPageSupportLnkTest" time="0.055" classname="com.freecrm.qa.testCases.LoginPageTest">
    <failure type="java.lang.AssertionError" message="expected [Support] but found [Features]">
      <![CDATA[java.lang.AssertionError: expected [Support] but found [Features]
at com.freecrm.qa.testCases.LoginPageTest.loginPageSupportLnkTest(LoginPageTest.java:77)
... Removed 31 stack frames]]>
    </failure>
  </testcase> <!-- loginPageSupportLnkTest -->
  <testcase name="loginPageSignUpLnkTest" time="0.03" classname="com.freecrm.qa.testCases.LoginPageTest"/>
  <testcase name="login" time="5.652" classname="com.freecrm.qa.testCases.LoginPageTest"/>
  <testcase name="loginPageIsLogoDisplayedTest" time="0.0" classname="com.freecrm.qa.testCases.LoginPageTest">
    <ignored/>
  </testcase> <!-- loginPageIsLogoDisplayedTest -->
  <testcase name="loginPageFeaturesLnkTest" time="0.0" classname="com.freecrm.qa.testCases.LoginPageTest">
    <ignored/>
  </testcase> <!-- loginPageFeaturesLnkTest -->
  <testcase name="loginPageTitleTest" time="0.0" classname="com.freecrm.qa.testCases.LoginPageTest">
    <ignored/>
  </testcase> <!-- loginPageTitleTest -->
</testsuite> <!-- Free CRM App Test Cases for Firefox(failed) -->
