<?xml version="1.0" encoding="UTF-8"?>
<!-- Generated by org.testng.reporters.JUnitXMLReporter -->
<testsuite hostname="LAPTOP-DR1UCT03" ignored="0" name="Free CRM App Test Cases for Firefox" tests="9" failures="6" timestamp="31 Dec 2018 00:19:00 GMT" time="15.724" errors="0">
  <testcase name="loginPageContactLnkTest" time="0.082" classname="com.freecrm.qa.testCases.LoginPageTest">
    <failure type="java.lang.AssertionError" message="expected [Contact] but found [Features]">
      <![CDATA[java.lang.AssertionError: expected [Contact] but found [Features]
at com.freecrm.qa.testCases.LoginPageTest.loginPageContactLnkTest(LoginPageTest.java:70)
... Removed 31 stack frames]]>
    </failure>
  </testcase> <!-- loginPageContactLnkTest -->
  <testcase name="loginPageCustomersLnkTest" time="0.037" classname="com.freecrm.qa.testCases.LoginPageTest">
    <failure type="java.lang.AssertionError" message="expected [Customers] but found [Features]">
      <![CDATA[java.lang.AssertionError: expected [Customers] but found [Features]
at com.freecrm.qa.testCases.LoginPageTest.loginPageCustomersLnkTest(LoginPageTest.java:63)
... Removed 31 stack frames]]>
    </failure>
  </testcase> <!-- loginPageCustomersLnkTest -->
  <testcase name="loginPageFeaturesLnkTest" time="0.036" classname="com.freecrm.qa.testCases.LoginPageTest"/>
  <testcase name="loginPageIsLogoDisplayedTest" time="0.094" classname="com.freecrm.qa.testCases.LoginPageTest"/>
  <testcase name="loginPagePricingLnkTest" time="0.027" classname="com.freecrm.qa.testCases.LoginPageTest">
    <failure type="java.lang.AssertionError" message="expected [Pricing] but found [Features]">
      <![CDATA[java.lang.AssertionError: expected [Pricing] but found [Features]
at com.freecrm.qa.testCases.LoginPageTest.loginPagePricingLnkTest(LoginPageTest.java:56)
... Removed 31 stack frames]]>
    </failure>
  </testcase> <!-- loginPagePricingLnkTest -->
  <testcase name="loginPageSignUpLnkTest" time="0.037" classname="com.freecrm.qa.testCases.LoginPageTest">
    <failure type="java.lang.AssertionError" message="expected [Sign Up] but found [Features]">
      <![CDATA[java.lang.AssertionError: expected [Sign Up] but found [Features]
at com.freecrm.qa.testCases.LoginPageTest.loginPageSignUpLnkTest(LoginPageTest.java:49)
... Removed 31 stack frames]]>
    </failure>
  </testcase> <!-- loginPageSignUpLnkTest -->
  <testcase name="loginPageSupportLnkTest" time="0.039" classname="com.freecrm.qa.testCases.LoginPageTest">
    <failure type="java.lang.AssertionError" message="expected [Support] but found [Features]">
      <![CDATA[java.lang.AssertionError: expected [Support] but found [Features]
at com.freecrm.qa.testCases.LoginPageTest.loginPageSupportLnkTest(LoginPageTest.java:77)
... Removed 31 stack frames]]>
    </failure>
  </testcase> <!-- loginPageSupportLnkTest -->
  <testcase name="loginPageTitleTest" time="0.009" classname="com.freecrm.qa.testCases.LoginPageTest"/>
  <testcase name="login" time="1.377" classname="com.freecrm.qa.testCases.LoginPageTest">
    <failure type="org.openqa.selenium.ElementClickInterceptedException" message="Element &amp;lt;input class=&amp;quot;btn btn-small&amp;quot; type=&amp;quot;submit&amp;quot;&amp;gt; is not clickable at point (1269.041732788086,117) because another element &amp;lt;div id=&amp;quot;preloader&amp;quot;&amp;gt; obscures it
Build info: version: &amp;apos;3.14.0&amp;apos;, revision: &amp;apos;aacccce0&amp;apos;, time: &amp;apos;2018-08-02T20:19:58.91Z&amp;apos;
System info: host: &amp;apos;LAPTOP-DR1UCT03&amp;apos;, ip: &amp;apos;192.168.0.109&amp;apos;, os.name: &amp;apos;Windows 10&amp;apos;, os.arch: &amp;apos;amd64&amp;apos;, os.version: &amp;apos;10.0&amp;apos;, java.version: &amp;apos;1.8.0_162&amp;apos;
Driver info: org.openqa.selenium.firefox.FirefoxDriver
Capabilities {acceptInsecureCerts: true, browserName: firefox, browserVersion: 62.0.3, javascriptEnabled: true, moz:accessibilityChecks: false, moz:headless: false, moz:processID: 7272, moz:profile: C:\Users\shash\AppData\Loca..., moz:useNonSpecCompliantPointerOrigin: false, moz:webdriverClick: true, pageLoadStrategy: normal, platform: XP, platformName: XP, platformVersion: 10.0, rotatable: false, timeouts: {implicit: 0, pageLoad: 300000, script: 30000}}
Session ID: 999ce73d-0b54-47ea-a066-e9da7a53ed62">
      <![CDATA[org.openqa.selenium.ElementClickInterceptedException: Element <input class="btn btn-small" type="submit"> is not clickable at point (1269.041732788086,117) because another element <div id="preloader"> obscures it
Build info: version: '3.14.0', revision: 'aacccce0', time: '2018-08-02T20:19:58.91Z'
System info: host: 'LAPTOP-DR1UCT03', ip: '192.168.0.109', os.name: 'Windows 10', os.arch: 'amd64', os.version: '10.0', java.version: '1.8.0_162'
Driver info: org.openqa.selenium.firefox.FirefoxDriver
Capabilities {acceptInsecureCerts: true, browserName: firefox, browserVersion: 62.0.3, javascriptEnabled: true, moz:accessibilityChecks: false, moz:headless: false, moz:processID: 7272, moz:profile: C:\Users\shash\AppData\Loca..., moz:useNonSpecCompliantPointerOrigin: false, moz:webdriverClick: true, pageLoadStrategy: normal, platform: XP, platformName: XP, platformVersion: 10.0, rotatable: false, timeouts: {implicit: 0, pageLoad: 300000, script: 30000}}
Session ID: 999ce73d-0b54-47ea-a066-e9da7a53ed62
at org.openqa.selenium.remote.http.W3CHttpResponseCodec.createException(W3CHttpResponseCodec.java:187)
at org.openqa.selenium.remote.http.W3CHttpResponseCodec.decode(W3CHttpResponseCodec.java:122)
at org.openqa.selenium.remote.http.W3CHttpResponseCodec.decode(W3CHttpResponseCodec.java:49)
at org.openqa.selenium.remote.HttpCommandExecutor.execute(HttpCommandExecutor.java:158)
at org.openqa.selenium.remote.service.DriverCommandExecutor.execute(DriverCommandExecutor.java:83)
at org.openqa.selenium.remote.RemoteWebDriver.execute(RemoteWebDriver.java:548)
at org.openqa.selenium.remote.RemoteWebElement.execute(RemoteWebElement.java:276)
at org.openqa.selenium.remote.RemoteWebElement.click(RemoteWebElement.java:83)
at org.openqa.selenium.support.events.EventFiringWebDriver$EventFiringWebElement.lambda$new$0(EventFiringWebDriver.java:403)
at com.sun.proxy.$Proxy13.click(Unknown Source)
at org.openqa.selenium.support.events.EventFiringWebDriver$EventFiringWebElement.click(EventFiringWebDriver.java:416)
at org.openqa.selenium.support.pagefactory.internal.LocatingElementHandler.invoke(LocatingElementHandler.java:51)
at com.sun.proxy.$Proxy12.click(Unknown Source)
at com.freecrm.qa.pages.LoginPage.login(LoginPage.java:57)
at com.freecrm.qa.testCases.LoginPageTest.login(LoginPageTest.java:84)
... Removed 37 stack frames]]>
    </failure>
  </testcase> <!-- login -->
</testsuite> <!-- Free CRM App Test Cases for Firefox -->
