<?xml version="1.0" encoding="UTF-8"?>
<!-- Generated by org.testng.reporters.JUnitXMLReporter -->
<testsuite hostname="shashikanth-PC" ignored="0" name="Free CRM App Test Cases for chrome" tests="2" failures="1" timestamp="15 Jan 2019 07:14:39 GMT" time="41.07" errors="0">
  <testcase name="testContentInTopMenuPanelInUserPages" time="2.948" classname="com.freecrm.qa.testCases.AbstractTopMenuPanelInUserPagesTest"/>
  <testcase name="selectContactByNameTest" time="2.012" classname="com.freecrm.qa.testCases.ContactListPageTest">
    <failure type="org.openqa.selenium.NoSuchSessionException" message="Session ID is null. Using WebDriver after calling quit()?
Build info: version: &amp;apos;3.14.0&amp;apos;, revision: &amp;apos;aacccce0&amp;apos;, time: &amp;apos;2018-08-02T20:19:58.91Z&amp;apos;
System info: host: &amp;apos;SHASHIKANTH-PC&amp;apos;, ip: &amp;apos;192.168.0.108&amp;apos;, os.name: &amp;apos;Windows 7&amp;apos;, os.arch: &amp;apos;amd64&amp;apos;, os.version: &amp;apos;6.1&amp;apos;, java.version: &amp;apos;1.8.0_151&amp;apos;
Driver info: driver.version: EventFiringWebDriver">
      <![CDATA[org.openqa.selenium.NoSuchSessionException: Session ID is null. Using WebDriver after calling quit()?
Build info: version: '3.14.0', revision: 'aacccce0', time: '2018-08-02T20:19:58.91Z'
System info: host: 'SHASHIKANTH-PC', ip: '192.168.0.108', os.name: 'Windows 7', os.arch: 'amd64', os.version: '6.1', java.version: '1.8.0_151'
Driver info: driver.version: EventFiringWebDriver
at org.openqa.selenium.remote.HttpCommandExecutor.execute(HttpCommandExecutor.java:125)
at org.openqa.selenium.remote.service.DriverCommandExecutor.execute(DriverCommandExecutor.java:83)
at org.openqa.selenium.remote.RemoteWebDriver.execute(RemoteWebDriver.java:548)
at org.openqa.selenium.remote.RemoteWebDriver.execute(RemoteWebDriver.java:605)
at org.openqa.selenium.remote.RemoteWebDriver.getScreenshotAs(RemoteWebDriver.java:294)
at com.freecrm.qa.common.Browser.takeScreenShot(Browser.java:201)
at com.freecrm.qa.common.Browser.takeScreenshot(Browser.java:184)
at com.freecrm.qa.common.WebEventListener.onException(WebEventListener.java:62)
at org.openqa.selenium.support.events.EventFiringWebDriver.lambda$new$0(EventFiringWebDriver.java:84)
at com.sun.proxy.$Proxy23.onException(Unknown Source)
at org.openqa.selenium.support.events.EventFiringWebDriver.lambda$new$1(EventFiringWebDriver.java:107)
at com.sun.proxy.$Proxy24.findElement(Unknown Source)
at org.openqa.selenium.support.events.EventFiringWebDriver.findElement(EventFiringWebDriver.java:194)
at com.freecrm.qa.pages.contact.ContactListPage.selectContactByName(ContactListPage.java:20)
at com.freecrm.qa.testCases.ContactListPageTest.selectContactByNameTest(ContactListPageTest.java:34)
... Removed 29 stack frames]]>
    </failure>
  </testcase> <!-- selectContactByNameTest -->
</testsuite> <!-- Free CRM App Test Cases for chrome -->
